<?xml version="1.0" encoding="UTF-8"?>
<!-- Generated by org.testng.reporters.JUnitReportReporter -->
<testsuite skipped="0" hostname="IN4064-01" name="com.sample.java.sample" tests="1" failures="0" timestamp="20 Oct 2019 02:24:18 GMT" time="13.457" errors="0">
  <testcase name="GoogleHomePageTest" time="13.457" classname="com.sample.java.sample"/>
</testsuite> <!-- com.sample.java.sample -->
